[2025-08-05 00:49:58] INFO     | Logging initialized. Log file: logs/batch_run_20250805_004958.log
[2025-08-05 00:49:58] INFO     | ============================================================
[2025-08-05 00:49:58] INFO     | BATCH PROCESSING STARTED
[2025-08-05 00:49:58] INFO     | Start time: 2025-08-05 00:49:58
[2025-08-05 00:49:58] INFO     | ============================================================
[2025-08-05 00:49:58] INFO     | Phase 1: Discovery
[2025-08-05 00:49:58] INFO     |   ├── Found 10 simulation files in ../../step1/data
[2025-08-05 00:49:58] INFO     |   ├── Rate 0.001000: simulation_rate_0.001000_m10000_n1000_t100.json.gz
[2025-08-05 00:49:58] INFO     |   ├── Rate 0.003000: simulation_rate_0.003000_m10000_n1000_t100.json.gz
[2025-08-05 00:49:58] INFO     |   ├── Rate 0.005000: simulation_rate_0.005000_m10000_n1000_t100.json.gz
[2025-08-05 00:49:58] INFO     | Selected 3 simulations to process
[2025-08-05 00:49:58] INFO     | 
Phase 2: Validation
[2025-08-05 00:49:58] INFO     |   ├── Disk space: 24.9 GB available
[2025-08-05 00:49:58] INFO     |   ├── Script found: extract_snapshot.py
[2025-08-05 00:49:58] INFO     |   ├── Script found: create_lineages.py
[2025-08-05 00:49:58] INFO     |   ├── Script found: plot_jsd_distribution.py
[2025-08-05 00:49:58] INFO     |   ├── Python version: Python 3.9.7
[2025-08-05 00:49:58] INFO     | 
Phase 3: Processing
[2025-08-05 00:49:58] INFO     | 
Processing rate 0.001000 (1/3)
[2025-08-05 00:49:58] INFO     |   [DRY RUN] Would process this simulation
[2025-08-05 00:49:58] INFO     | 
Processing rate 0.003000 (2/3)
[2025-08-05 00:49:58] INFO     |   [DRY RUN] Would process this simulation
[2025-08-05 00:49:58] INFO     | 
Processing rate 0.005000 (3/3)
[2025-08-05 00:49:58] INFO     |   [DRY RUN] Would process this simulation
[2025-08-05 00:49:58] INFO     | 
============================================================
[2025-08-05 00:49:58] INFO     | BATCH PROCESSING SUMMARY
[2025-08-05 00:49:58] INFO     | ============================================================
[2025-08-05 00:49:58] INFO     | Start time: 2025-08-05 00:49:58
[2025-08-05 00:49:58] INFO     | End time: 2025-08-05 00:49:58
[2025-08-05 00:49:58] INFO     | Duration: 0:00:00.013716
[2025-08-05 00:49:58] INFO     | 
Processed: 0
[2025-08-05 00:49:58] INFO     | Failed: 0
[2025-08-05 00:49:58] INFO     | Completed rates: []
[2025-08-05 00:49:58] INFO     | 
Output directory: ../data
