[2025-08-05 00:48:35] INFO     | Logging initialized. Log file: logs/batch_run_20250805_004835.log
[2025-08-05 00:48:35] INFO     | ============================================================
[2025-08-05 00:48:35] INFO     | BATCH PROCESSING STARTED
[2025-08-05 00:48:35] INFO     | Start time: 2025-08-05 00:48:35
[2025-08-05 00:48:35] INFO     | ============================================================
[2025-08-05 00:48:35] INFO     | Phase 1: Discovery
[2025-08-05 00:48:35] INFO     |   ├── Found 10 simulation files in ../../step1/data
[2025-08-05 00:48:35] INFO     |   ├── Rate 0.001000: simulation_rate_0.001000_m10000_n1000_t100.json.gz
[2025-08-05 00:48:35] INFO     |   ├── Rate 0.002000: simulation_rate_0.002000_m10000_n1000_t100.json.gz
[2025-08-05 00:48:35] INFO     |   ├── Rate 0.003000: simulation_rate_0.003000_m10000_n1000_t100.json.gz
[2025-08-05 00:48:35] INFO     |   ├── Rate 0.004000: simulation_rate_0.004000_m10000_n1000_t100.json.gz
[2025-08-05 00:48:35] INFO     |   ├── Rate 0.005000: simulation_rate_0.005000_m10000_n1000_t100.json.gz
[2025-08-05 00:48:35] INFO     |   ├── Rate 0.006000: simulation_rate_0.006000_m10000_n1000_t100.json.gz
[2025-08-05 00:48:35] INFO     |   ├── Rate 0.007000: simulation_rate_0.007000_m10000_n1000_t100.json.gz
[2025-08-05 00:48:35] INFO     |   ├── Rate 0.008000: simulation_rate_0.008000_m10000_n1000_t100.json.gz
[2025-08-05 00:48:35] INFO     |   ├── Rate 0.009000: simulation_rate_0.009000_m10000_n1000_t100.json.gz
[2025-08-05 00:48:35] INFO     |   ├── Rate 0.010000: simulation_rate_0.010000_m10000_n1000_t100.json.gz
[2025-08-05 00:48:35] INFO     | Selected 10 simulations to process
[2025-08-05 00:48:35] INFO     | 
Phase 2: Validation
[2025-08-05 00:48:35] INFO     |   ├── Disk space: 24.9 GB available
[2025-08-05 00:48:35] INFO     |   ├── Script found: extract_snapshot.py
[2025-08-05 00:48:35] INFO     |   ├── Script found: create_lineages.py
[2025-08-05 00:48:35] INFO     |   ├── Script found: plot_jsd_distribution.py
[2025-08-05 00:48:35] INFO     |   ├── Python version: Python 3.9.7
[2025-08-05 00:48:35] INFO     | 
Phase 3: Processing
[2025-08-05 00:48:35] INFO     | 
Processing rate 0.001000 (1/10)
[2025-08-05 00:48:35] INFO     |   [DRY RUN] Would process this simulation
[2025-08-05 00:48:35] INFO     | 
Processing rate 0.002000 (2/10)
[2025-08-05 00:48:35] INFO     |   [DRY RUN] Would process this simulation
[2025-08-05 00:48:35] INFO     | 
Processing rate 0.003000 (3/10)
[2025-08-05 00:48:35] INFO     |   [DRY RUN] Would process this simulation
[2025-08-05 00:48:35] INFO     | 
Processing rate 0.004000 (4/10)
[2025-08-05 00:48:35] INFO     |   [DRY RUN] Would process this simulation
[2025-08-05 00:48:35] INFO     | 
Processing rate 0.005000 (5/10)
[2025-08-05 00:48:35] INFO     |   [DRY RUN] Would process this simulation
[2025-08-05 00:48:35] INFO     | 
Processing rate 0.006000 (6/10)
[2025-08-05 00:48:35] INFO     |   [DRY RUN] Would process this simulation
[2025-08-05 00:48:35] INFO     | 
Processing rate 0.007000 (7/10)
[2025-08-05 00:48:35] INFO     |   [DRY RUN] Would process this simulation
[2025-08-05 00:48:35] INFO     | 
Processing rate 0.008000 (8/10)
[2025-08-05 00:48:35] INFO     |   [DRY RUN] Would process this simulation
[2025-08-05 00:48:35] INFO     | 
Processing rate 0.009000 (9/10)
[2025-08-05 00:48:35] INFO     |   [DRY RUN] Would process this simulation
[2025-08-05 00:48:35] INFO     | 
Processing rate 0.010000 (10/10)
[2025-08-05 00:48:35] INFO     |   [DRY RUN] Would process this simulation
[2025-08-05 00:48:35] INFO     | 
============================================================
[2025-08-05 00:48:35] INFO     | BATCH PROCESSING SUMMARY
[2025-08-05 00:48:35] INFO     | ============================================================
[2025-08-05 00:48:35] INFO     | Start time: 2025-08-05 00:48:35
[2025-08-05 00:48:35] INFO     | End time: 2025-08-05 00:48:35
[2025-08-05 00:48:35] INFO     | Duration: 0:00:00.020615
[2025-08-05 00:48:35] INFO     | 
Processed: 0
[2025-08-05 00:48:35] INFO     | Failed: 0
[2025-08-05 00:48:35] INFO     | Completed rates: []
[2025-08-05 00:48:35] INFO     | 
Output directory: ../data
