[2025-08-05 01:12:57] INFO     | Logging initialized. Log file: logs/batch_run_20250805_011257.log
[2025-08-05 01:12:57] INFO     | ============================================================
[2025-08-05 01:12:57] INFO     | BATCH PROCESSING STARTED
[2025-08-05 01:12:57] INFO     | Start time: 2025-08-05 01:12:57
[2025-08-05 01:12:57] INFO     | ============================================================
[2025-08-05 01:12:57] INFO     | Phase 1: Discovery
[2025-08-05 01:12:57] INFO     |   ├── Found 10 simulation files in ../../step1/data
[2025-08-05 01:12:57] INFO     |   ├── Rate 0.005000: simulation_rate_0.005000_m10000_n1000_t100.json.gz
[2025-08-05 01:12:57] INFO     | Selected 1 simulations to process
[2025-08-05 01:12:57] INFO     | 
Phase 2: Validation
[2025-08-05 01:12:57] INFO     |   ├── Disk space: 24.9 GB available
[2025-08-05 01:12:57] INFO     |   ├── Script found: extract_snapshot.py
[2025-08-05 01:12:57] INFO     |   ├── Script found: create_lineages.py
[2025-08-05 01:12:57] INFO     |   ├── Script found: plot_jsd_distribution.py
[2025-08-05 01:12:57] INFO     |   ├── Python version: Python 3.9.7
[2025-08-05 01:12:57] INFO     | 
Phase 3: Processing
[2025-08-05 01:12:57] INFO     | 
Processing rate 0.005000 (1/1)
[2025-08-05 01:15:28] INFO     |   ├── Extracted snapshot OK (151.1s)
[2025-08-05 01:18:05] INFO     |   ├── Created lineages OK (157.1s)
[2025-08-05 01:18:08] INFO     |   ├── Generated plot OK (3.3s)
[2025-08-05 01:18:08] INFO     | Rate 0.005000 completed successfully
[2025-08-05 01:18:08] INFO     | Progress: 1/1 | Processed: 1 | Failed: 0 | ETA: 01:18:08
[2025-08-05 01:18:08] INFO     | 
============================================================
[2025-08-05 01:18:08] INFO     | BATCH PROCESSING SUMMARY
[2025-08-05 01:18:08] INFO     | ============================================================
[2025-08-05 01:18:08] INFO     | Start time: 2025-08-05 01:12:57
[2025-08-05 01:18:08] INFO     | End time: 2025-08-05 01:18:08
[2025-08-05 01:18:08] INFO     | Duration: 0:05:11.548902
[2025-08-05 01:18:08] INFO     | 
Processed: 1
[2025-08-05 01:18:08] INFO     | Failed: 0
[2025-08-05 01:18:08] INFO     | Completed rates: ['0.003000', '0.005000']
[2025-08-05 01:18:08] INFO     | 
Output directory: ../data
[2025-08-05 01:18:08] INFO     | 
Next steps:
[2025-08-05 01:18:08] INFO     | 1. Review the generated outputs in each rate_* directory
[2025-08-05 01:18:08] INFO     | 2. Check plots to compare JSD distributions across rates
[2025-08-05 01:18:08] INFO     | 3. Run Step 3 processing for mixed population analysis
