[2025-08-05 00:59:33] INFO     | Logging initialized. Log file: logs/batch_run_20250805_005933.log
[2025-08-05 00:59:33] INFO     | ============================================================
[2025-08-05 00:59:33] INFO     | BATCH PROCESSING STARTED
[2025-08-05 00:59:33] INFO     | Start time: 2025-08-05 00:59:33
[2025-08-05 00:59:33] INFO     | ============================================================
[2025-08-05 00:59:33] INFO     | Phase 1: Discovery
[2025-08-05 00:59:33] INFO     |   ├── Found 10 simulation files in ../../step1/data
[2025-08-05 00:59:33] INFO     |   ├── Rate 0.003000: simulation_rate_0.003000_m10000_n1000_t100.json.gz
[2025-08-05 00:59:33] INFO     | Selected 1 simulations to process
[2025-08-05 00:59:33] INFO     | 
Phase 2: Validation
[2025-08-05 00:59:33] INFO     |   ├── Disk space: 24.8 GB available
[2025-08-05 00:59:33] INFO     |   ├── Script found: extract_snapshot.py
[2025-08-05 00:59:33] INFO     |   ├── Script found: create_lineages.py
[2025-08-05 00:59:33] INFO     |   ├── Script found: plot_jsd_distribution.py
[2025-08-05 00:59:33] INFO     |   ├── Python version: Python 3.9.7
[2025-08-05 00:59:33] INFO     | 
Phase 3: Processing
[2025-08-05 00:59:33] INFO     | 
Processing rate 0.003000 (1/1)
