[2025-08-05 01:07:06] INFO     | Logging initialized. Log file: logs/batch_run_20250805_010706.log
[2025-08-05 01:07:06] INFO     | ============================================================
[2025-08-05 01:07:06] INFO     | BATCH PROCESSING STARTED
[2025-08-05 01:07:06] INFO     | Start time: 2025-08-05 01:07:06
[2025-08-05 01:07:06] INFO     | ============================================================
[2025-08-05 01:07:06] INFO     | Phase 1: Discovery
[2025-08-05 01:07:06] INFO     |   ├── Found 10 simulation files in ../../step1/data
[2025-08-05 01:07:06] INFO     |   ├── Rate 0.003000: simulation_rate_0.003000_m10000_n1000_t100.json.gz
[2025-08-05 01:07:06] INFO     | Selected 1 simulations to process
[2025-08-05 01:07:06] INFO     | 
Phase 2: Validation
[2025-08-05 01:07:06] INFO     |   ├── Disk space: 24.8 GB available
[2025-08-05 01:07:06] INFO     |   ├── Script found: extract_snapshot.py
[2025-08-05 01:07:06] INFO     |   ├── Script found: create_lineages.py
[2025-08-05 01:07:06] INFO     |   ├── Script found: plot_jsd_distribution.py
[2025-08-05 01:07:06] INFO     |   ├── Python version: Python 3.9.7
[2025-08-05 01:07:06] INFO     | 
Phase 3: Processing
[2025-08-05 01:07:06] INFO     | 
Processing rate 0.003000 (1/1)
[2025-08-05 01:09:26] INFO     |   ├── Extracted snapshot OK (139.3s)
[2025-08-05 01:11:49] INFO     |   ├── Created lineages OK (143.2s)
[2025-08-05 01:11:53] INFO     |   ├── Generated plot OK (4.0s)
[2025-08-05 01:11:53] INFO     | Rate 0.003000 completed successfully
[2025-08-05 01:11:53] INFO     | Progress: 1/1 | Processed: 1 | Failed: 0 | ETA: 01:11:53
[2025-08-05 01:11:53] INFO     | 
============================================================
[2025-08-05 01:11:53] INFO     | BATCH PROCESSING SUMMARY
[2025-08-05 01:11:53] INFO     | ============================================================
[2025-08-05 01:11:53] INFO     | Start time: 2025-08-05 01:07:06
[2025-08-05 01:11:53] INFO     | End time: 2025-08-05 01:11:53
[2025-08-05 01:11:53] INFO     | Duration: 0:04:46.581430
[2025-08-05 01:11:53] INFO     | 
Processed: 1
[2025-08-05 01:11:53] INFO     | Failed: 0
[2025-08-05 01:11:53] INFO     | Completed rates: ['0.003000']
[2025-08-05 01:11:53] INFO     | 
Output directory: ../data
[2025-08-05 01:11:53] INFO     | 
Next steps:
[2025-08-05 01:11:53] INFO     | 1. Review the generated outputs in each rate_* directory
[2025-08-05 01:11:53] INFO     | 2. Check plots to compare JSD distributions across rates
[2025-08-05 01:11:53] INFO     | 3. Run Step 3 processing for mixed population analysis
