[2025-08-05 00:55:30] INFO     | Logging initialized. Log file: logs/batch_run_20250805_005530.log
[2025-08-05 00:55:30] INFO     | ============================================================
[2025-08-05 00:55:30] INFO     | BATCH PROCESSING STARTED
[2025-08-05 00:55:30] INFO     | Start time: 2025-08-05 00:55:30
[2025-08-05 00:55:30] INFO     | ============================================================
[2025-08-05 00:55:30] INFO     | Phase 1: Discovery
[2025-08-05 00:55:30] INFO     |   ├── Found 10 simulation files in ../../step1/data
[2025-08-05 00:55:30] INFO     |   ├── Rate 0.005000: simulation_rate_0.005000_m10000_n1000_t100.json.gz
[2025-08-05 00:55:30] INFO     | Selected 1 simulations to process
[2025-08-05 00:55:30] INFO     | 
Phase 2: Validation
[2025-08-05 00:55:30] INFO     |   ├── Disk space: 24.8 GB available
[2025-08-05 00:55:30] INFO     |   ├── Script found: extract_snapshot.py
[2025-08-05 00:55:30] INFO     |   ├── Script found: create_lineages.py
[2025-08-05 00:55:30] INFO     |   ├── Script found: plot_jsd_distribution.py
[2025-08-05 00:55:30] INFO     |   ├── Python version: Python 3.9.7
[2025-08-05 00:55:30] INFO     | 
Phase 3: Processing
[2025-08-05 00:55:30] INFO     | 
Processing rate 0.005000 (1/1)
