[2025-08-05 01:28:07] INFO     | Logging initialized. Log file: logs/batch_run_20250805_012807.log
[2025-08-05 01:28:07] INFO     | ============================================================
[2025-08-05 01:28:07] INFO     | STEP 3 BATCH PROCESSING STARTED
[2025-08-05 01:28:07] INFO     | Start time: 2025-08-05 01:28:07
[2025-08-05 01:28:07] INFO     | ============================================================
[2025-08-05 01:28:07] INFO     | Phase 1: Discovery
[2025-08-05 01:28:07] INFO     |   ├── Found 2 completed Step 2 rates
[2025-08-05 01:28:07] INFO     |   ├── Rate 0.003000: Found simulation and lineages
[2025-08-05 01:28:07] INFO     |   ├── Rate 0.005000: Found simulation and lineages
[2025-08-05 01:28:07] INFO     | Selected 2 rates to process: ['0.003000', '0.005000']
[2025-08-05 01:28:07] INFO     | 
Phase 2: Validation
[2025-08-05 01:28:07] INFO     |   ├── Disk space: 24.8 GB available
[2025-08-05 01:28:07] INFO     | 
Phase 3: Processing
[2025-08-05 01:28:07] INFO     | 
Processing rate 0.003000 (1/2)
[2025-08-05 01:28:07] INFO     |   [DRY RUN] Would process this rate
[2025-08-05 01:28:07] INFO     | 
Processing rate 0.005000 (2/2)
[2025-08-05 01:28:07] INFO     |   [DRY RUN] Would process this rate
[2025-08-05 01:28:07] INFO     | 
============================================================
[2025-08-05 01:28:07] INFO     | STEP 3 BATCH PROCESSING SUMMARY
[2025-08-05 01:28:07] INFO     | ============================================================
[2025-08-05 01:28:07] INFO     | Start time: 2025-08-05 01:28:07
[2025-08-05 01:28:07] INFO     | End time: 2025-08-05 01:28:07
[2025-08-05 01:28:07] INFO     | Duration: 0:00:00.002882
[2025-08-05 01:28:07] INFO     | 
Processed: 0
[2025-08-05 01:28:07] INFO     | Failed: 0
[2025-08-05 01:28:07] INFO     | Completed rates: []
[2025-08-05 01:28:07] INFO     | 
Output directory: ../data
