[2025-08-05 01:29:10] INFO     | Logging initialized. Log file: logs/batch_run_20250805_012910.log
[2025-08-05 01:29:10] INFO     | ============================================================
[2025-08-05 01:29:10] INFO     | STEP 3 BATCH PROCESSING STARTED
[2025-08-05 01:29:10] INFO     | Start time: 2025-08-05 01:29:10
[2025-08-05 01:29:10] INFO     | ============================================================
[2025-08-05 01:29:10] INFO     | Phase 1: Discovery
[2025-08-05 01:29:10] INFO     |   ├── Found 2 completed Step 2 rates
[2025-08-05 01:29:10] INFO     |   ├── Rate 0.003000: Found simulation and lineages
[2025-08-05 01:29:10] INFO     |   ├── Rate 0.005000: Found simulation and lineages
[2025-08-05 01:29:10] INFO     | Selected 2 rates to process: ['0.003000', '0.005000']
[2025-08-05 01:29:10] INFO     | 
Phase 2: Validation
[2025-08-05 01:29:10] INFO     |   ├── Disk space: 24.8 GB available
[2025-08-05 01:29:10] INFO     | 
Phase 3: Processing
[2025-08-05 01:29:10] INFO     | 
Processing rate 0.003000 (1/2)
[2025-08-05 01:29:11] ERROR    | Rate 0.003000 failed: Failed to extract snapshot: Traceback (most recent call last):
  File "/Users/alessandromassaad/jpi-methylation-simulation/step3/scripts/extract_year60_original.py", line 60, in <module>
    extract_year_60(input_file, output_file)
  File "/Users/alessandromassaad/jpi-methylation-simulation/step3/scripts/extract_year60_original.py", line 16, in extract_year_60
    with gzip.open(input_filepath, 'rt') as f:
  File "/Users/alessandromassaad/opt/anaconda3/lib/python3.9/gzip.py", line 58, in open
    binary_file = GzipFile(filename, gz_mode, compresslevel)
  File "/Users/alessandromassaad/opt/anaconda3/lib/python3.9/gzip.py", line 173, in __init__
    fileobj = self.myfileobj = builtins.open(filename, mode or 'rb')
FileNotFoundError: [Errno 2] No such file or directory: '--simulation'

[2025-08-05 01:29:11] INFO     | 
Processing rate 0.005000 (2/2)
[2025-08-05 01:29:11] ERROR    | Rate 0.005000 failed: Failed to extract snapshot: Traceback (most recent call last):
  File "/Users/alessandromassaad/jpi-methylation-simulation/step3/scripts/extract_year60_original.py", line 60, in <module>
    extract_year_60(input_file, output_file)
  File "/Users/alessandromassaad/jpi-methylation-simulation/step3/scripts/extract_year60_original.py", line 16, in extract_year_60
    with gzip.open(input_filepath, 'rt') as f:
  File "/Users/alessandromassaad/opt/anaconda3/lib/python3.9/gzip.py", line 58, in open
    binary_file = GzipFile(filename, gz_mode, compresslevel)
  File "/Users/alessandromassaad/opt/anaconda3/lib/python3.9/gzip.py", line 173, in __init__
    fileobj = self.myfileobj = builtins.open(filename, mode or 'rb')
FileNotFoundError: [Errno 2] No such file or directory: '--simulation'

[2025-08-05 01:29:11] INFO     | 
============================================================
[2025-08-05 01:29:11] INFO     | STEP 3 BATCH PROCESSING SUMMARY
[2025-08-05 01:29:11] INFO     | ============================================================
[2025-08-05 01:29:11] INFO     | Start time: 2025-08-05 01:29:10
[2025-08-05 01:29:11] INFO     | End time: 2025-08-05 01:29:11
[2025-08-05 01:29:11] INFO     | Duration: 0:00:00.085514
[2025-08-05 01:29:11] INFO     | 
Processed: 0
[2025-08-05 01:29:11] INFO     | Failed: 2
[2025-08-05 01:29:11] INFO     | Completed rates: []
[2025-08-05 01:29:11] INFO     | 
Failed rates: ['0.003000', '0.005000']
[2025-08-05 01:29:11] INFO     | 
Output directory: ../data
